Using pre-set license
Built from '2022.2/staging' branch; Version is '2022.2.14f1 (b2c9b1ac6cc0) revision 11717041'; Using compiler version '192829333'; Build Type 'Release'
OS: 'Windows 11  (10.0.22621) 64bit Professional' Language: 'en' Physical Memory: 32693 MB
BatchMode: 1, IsHumanControllingUs: 0, StartBugReporterOnCrash: 0, Is64bit: 1, IsPro: 1

COMMAND LINE ARGUMENTS:
E:\Unity\2022.2.14f1\Editor\Unity.exe
-adb2
-batchMode
-noUpm
-name
AssetImportWorker1
-projectPath
E:/Projects/project-builder/project-builder
-logFile
Logs/AssetImportWorker1.log
-srvPort
57344
Successfully changed project path to: E:/Projects/project-builder/project-builder
E:/Projects/project-builder/project-builder
[UnityMemory] Configuration Parameters - Can be set up in boot.config
    "memorysetup-bucket-allocator-granularity=16"
    "memorysetup-bucket-allocator-bucket-count=8"
    "memorysetup-bucket-allocator-block-size=33554432"
    "memorysetup-bucket-allocator-block-count=8"
    "memorysetup-main-allocator-block-size=16777216"
    "memorysetup-thread-allocator-block-size=16777216"
    "memorysetup-gfx-main-allocator-block-size=16777216"
    "memorysetup-gfx-thread-allocator-block-size=16777216"
    "memorysetup-cache-allocator-block-size=4194304"
    "memorysetup-typetree-allocator-block-size=2097152"
    "memorysetup-profiler-bucket-allocator-granularity=16"
    "memorysetup-profiler-bucket-allocator-bucket-count=8"
    "memorysetup-profiler-bucket-allocator-block-size=33554432"
    "memorysetup-profiler-bucket-allocator-block-count=8"
    "memorysetup-profiler-allocator-block-size=16777216"
    "memorysetup-profiler-editor-allocator-block-size=1048576"
    "memorysetup-temp-allocator-size-main=16777216"
    "memorysetup-job-temp-allocator-block-size=2097152"
    "memorysetup-job-temp-allocator-block-size-background=1048576"
    "memorysetup-job-temp-allocator-reduction-small-platforms=262144"
    "memorysetup-temp-allocator-size-background-worker=32768"
    "memorysetup-temp-allocator-size-job-worker=262144"
    "memorysetup-temp-allocator-size-preload-manager=33554432"
    "memorysetup-temp-allocator-size-nav-mesh-worker=65536"
    "memorysetup-temp-allocator-size-audio-worker=65536"
    "memorysetup-temp-allocator-size-cloud-worker=32768"
    "memorysetup-temp-allocator-size-gi-baking-worker=262144"
    "memorysetup-temp-allocator-size-gfx=262144"
Player connection [35392] Host "[IP] 192.168.1.60 [Port] 0 [Flags] 2 [Guid] 1488052807 [EditorId] 1488052807 [Version] 1048832 [Id] WindowsEditor(7,Hardijs) [Debug] 1 [PackageName] WindowsEditor [ProjectName] Editor" joined multi-casting on [225.0.0.222:54997]...

Player connection [35392] Host "[IP] 192.168.1.60 [Port] 0 [Flags] 2 [Guid] 1488052807 [EditorId] 1488052807 [Version] 1048832 [Id] WindowsEditor(7,Hardijs) [Debug] 1 [PackageName] WindowsEditor [ProjectName] Editor" joined alternative multi-casting on [225.0.0.222:34997]...

Refreshing native plugins compatible for Editor in 0.00 ms, found 0 plugins.
Preloading 0 native plugins for Editor in 0.00 ms.
Initialize engine version: 2022.2.14f1 (b2c9b1ac6cc0)
[Subsystems] Discovering subsystems at path E:/Unity/2022.2.14f1/Editor/Data/Resources/UnitySubsystems
[Subsystems] Discovering subsystems at path E:/Projects/project-builder/project-builder/Assets
GfxDevice: creating device client; threaded=0; jobified=0
Direct3D:
    Version:  Direct3D 11.0 [level 11.1]
    Renderer: NVIDIA GeForce RTX 3080 Ti (ID=0x2208)
    Vendor:   NVIDIA
    VRAM:     12100 MB
    Driver:   31.0.15.3129
Initialize mono
Mono path[0] = 'E:/Unity/2022.2.14f1/Editor/Data/Managed'
Mono path[1] = 'E:/Unity/2022.2.14f1/Editor/Data/MonoBleedingEdge/lib/mono/unityjit-win32'
Mono config path = 'E:/Unity/2022.2.14f1/Editor/Data/MonoBleedingEdge/etc'
Using monoOptions --debugger-agent=transport=dt_socket,embedding=1,server=y,suspend=n,address=127.0.0.1:56508
Begin MonoManager ReloadAssembly
Registering precompiled unity dll's ...
Register platform support module: E:/Unity/2022.2.14f1/Editor/Data/PlaybackEngines/AndroidPlayer/UnityEditor.Android.Extensions.dll
Register platform support module: E:/Unity/2022.2.14f1/Editor/Data/PlaybackEngines/WindowsStandaloneSupport/UnityEditor.WindowsStandalone.Extensions.dll
Register platform support module: E:/Unity/2022.2.14f1/Editor/Data/PlaybackEngines/MetroSupport/UnityEditor.UWP.Extensions.dll
Registered in 0.004118 seconds.
- Loaded All Assemblies, in  0.232 seconds
Native extension for UWP target not found
Native extension for WindowsStandalone target not found
Native extension for Android target not found
Android Extension - Scanning For ADB Devices 217 ms
Mono: successfully reloaded assembly
- Finished resetting the current domain, in  0.447 seconds
Domain Reload Profiling:
	ReloadAssembly (138ms)
		BeginReloadAssembly (61ms)
			ExecutionOrderSort (0ms)
			DisableScriptedObjects (0ms)
			BackupInstance (0ms)
			ReleaseScriptingObjects (0ms)
			CreateAndSetChildDomain (1ms)
		LoadAllAssembliesAndSetupDomain (0ms)
			LoadAssemblies (61ms)
			RebuildTransferFunctionScriptingTraits (0ms)
			SetupTypeCache (90ms)
				TypeCache.Initialize (90ms)
					TypeCache.ScanAssembly (88ms)
				ResolveRequiredComponents (0ms)
		FinalizeReload (0ms)
			ReleaseScriptCaches (0ms)
			RebuildScriptCaches (0ms)
			SetupLoadedEditorAssemblies (405ms)
				LogAssemblyErrors (0ms)
				InitializePlatformSupportModulesInManaged (284ms)
				SetLoadedEditorAssemblies (3ms)
				RefreshPlugins (0ms)
				BeforeProcessingInitializeOnLoad (1ms)
				ProcessInitializeOnLoadAttributes (81ms)
				ProcessInitializeOnLoadMethodAttributes (36ms)
				AfterProcessingInitializeOnLoad (0ms)
				EditorAssembliesLoaded (0ms)
			ExecutionOrderSort2 (0ms)
			AwakeInstancesAfterBackupRestoration (0ms)
========================================================================
Worker process is ready to serve import requests
Begin MonoManager ReloadAssembly
- Loaded All Assemblies, in  0.253 seconds
Refreshing native plugins compatible for Editor in 0.00 ms, found 0 plugins.
Native extension for UWP target not found
Native extension for WindowsStandalone target not found
Native extension for Android target not found
Mono: successfully reloaded assembly
- Finished resetting the current domain, in  0.271 seconds
Domain Reload Profiling:
	ReloadAssembly (155ms)
		BeginReloadAssembly (107ms)
			ExecutionOrderSort (0ms)
			DisableScriptedObjects (4ms)
			BackupInstance (0ms)
			ReleaseScriptingObjects (0ms)
			CreateAndSetChildDomain (21ms)
		LoadAllAssembliesAndSetupDomain (98ms)
			LoadAssemblies (56ms)
			RebuildTransferFunctionScriptingTraits (0ms)
			SetupTypeCache (96ms)
				TypeCache.Initialize (95ms)
					TypeCache.ScanAssembly (93ms)
				ResolveRequiredComponents (0ms)
		FinalizeReload (0ms)
			ReleaseScriptCaches (0ms)
			RebuildScriptCaches (0ms)
			SetupLoadedEditorAssemblies (155ms)
				LogAssemblyErrors (0ms)
				InitializePlatformSupportModulesInManaged (19ms)
				SetLoadedEditorAssemblies (3ms)
				RefreshPlugins (0ms)
				BeforeProcessingInitializeOnLoad (23ms)
				ProcessInitializeOnLoadAttributes (92ms)
				ProcessInitializeOnLoadMethodAttributes (16ms)
				AfterProcessingInitializeOnLoad (2ms)
				EditorAssembliesLoaded (0ms)
			ExecutionOrderSort2 (0ms)
			AwakeInstancesAfterBackupRestoration (5ms)
Launched and connected shader compiler UnityShaderCompiler.exe after 0.05 seconds
Refreshing native plugins compatible for Editor in 0.00 ms, found 0 plugins.
Preloading 0 native plugins for Editor in 0.00 ms.
Unloading 39 Unused Serialized files (Serialized files now loaded: 0)
Unloading 3 unused Assets / (60.7 KB). Loaded Objects now: 521.
Memory consumption went from 47.8 MB to 47.7 MB.
Total: 2.776300 ms (FindLiveObjects: 0.050500 ms CreateObjectMapping: 0.004500 ms MarkObjects: 2.647500 ms  DeleteObjects: 0.072700 ms)

AssetImportParameters requested are different than current active one (requested -> active):
  custom:video-decoder-ogg-theora: a1e56fd34408186e4bbccfd4996cb3dc -> 
  custom:container-muxer-webm: aa71ff27fc2769a1b78a27578f13a17b -> 
  custom:container-demuxer-webm: 4f35f7cbe854078d1ac9338744f61a02 -> 
  custom:video-encoder-webm-vp8: eb34c28f22e8b96e1ab97ce403110664 -> 
  custom:video-codec-MediaFoundation-h265: 746d11721c4dcdbdad8f713fa42b33f4 -> 
  custom:audio-encoder-webm-vorbis: bf7c407c2cedff20999df2af8eb42d56 -> 
  custom:framework-win-MediaFoundation: 216162199b28c13a410421893ffa2e32 -> 
  custom:container-demuxer-ogg: 62fdf1f143b41e24485cea50d1cbac27 -> 
  custom:video-decoder-webm-vp8: 9c59270c3fd7afecdb556c50c9e8de78 -> 
  custom:audio-decoder-ogg-vorbis: bf7c407c2cedff20999df2af8eb42d56 -> 
  custom:AudioImporter_EditorPlatform: d09bf68614088b80899f8185d706f6e7 -> 
========================================================================
Received Import Request.
  Time since last request: 20120.864413 seconds.
  path: Assets/Data
  artifactKey: Guid(91af0924b0ccb3c4288fbe7c26f496be) Importer(815301076,1909f56bfc062723c751e8b465ee728b)
Start importing Assets/Data using Guid(91af0924b0ccb3c4288fbe7c26f496be) Importer(815301076,1909f56bfc062723c751e8b465ee728b)  -> (artifact id: '18bfb7298d148e8825e31d93db03586c') in 0.002136 seconds
Number of updated asset objects reloaded before import = 0
Number of asset objects unloaded after import = 0
========================================================================
Received Import Request.
  Time since last request: 0.000029 seconds.
  path: Assets/Data/HDRPDefaultResources/SkinDiffusionProfile.asset
  artifactKey: Guid(b2e6726ab7e2a794ba6cbcd207995e80) Importer(815301076,1909f56bfc062723c751e8b465ee728b)
Start importing Assets/Data/HDRPDefaultResources/SkinDiffusionProfile.asset using Guid(b2e6726ab7e2a794ba6cbcd207995e80) Importer(815301076,1909f56bfc062723c751e8b465ee728b)  -> (artifact id: 'ec23af9829ba80d14e28e5039f1e6b5e') in 0.002109 seconds
Number of updated asset objects reloaded before import = 0
Number of asset objects unloaded after import = 1
========================================================================
Received Import Request.
  Time since last request: 0.000025 seconds.
  path: Assets/Data/HDRPDefaultResources/FoliageDiffusionProfile.asset
  artifactKey: Guid(1b867679a253c9d4b908558029c40f6c) Importer(815301076,1909f56bfc062723c751e8b465ee728b)
Start importing Assets/Data/HDRPDefaultResources/FoliageDiffusionProfile.asset using Guid(1b867679a253c9d4b908558029c40f6c) Importer(815301076,1909f56bfc062723c751e8b465ee728b)  -> (artifact id: '06e762ad63f86adfaec0e7ea665c38e5') in 0.000717 seconds
Number of updated asset objects reloaded before import = 0
Number of asset objects unloaded after import = 1
========================================================================
Received Import Request.
  Time since last request: 0.000042 seconds.
  path: Assets/Data/HDRPDefaultResources/HDRenderPipelineAsset.asset
  artifactKey: Guid(0215a366f71c332448fba122555a12d3) Importer(815301076,1909f56bfc062723c751e8b465ee728b)
Start importing Assets/Data/HDRPDefaultResources/HDRenderPipelineAsset.asset using Guid(0215a366f71c332448fba122555a12d3) Importer(815301076,1909f56bfc062723c751e8b465ee728b)  -> (artifact id: 'c61b48a19082b00e1bbcff0ab4f2b2f1') in 0.000358 seconds
Number of updated asset objects reloaded before import = 0
Number of asset objects unloaded after import = 0
========================================================================
Received Import Request.
  Time since last request: 0.000076 seconds.
  path: Assets/Data/HDRPDefaultResources/DefaultSettingsVolumeProfile.asset
  artifactKey: Guid(3e54834c284fcfe45aa39d9be98cbaf5) Importer(815301076,1909f56bfc062723c751e8b465ee728b)
Start importing Assets/Data/HDRPDefaultResources/DefaultSettingsVolumeProfile.asset using Guid(3e54834c284fcfe45aa39d9be98cbaf5) Importer(815301076,1909f56bfc062723c751e8b465ee728b)  -> (artifact id: '1fb3016ae2e9a3a91bbef3504cb85580') in 0.000880 seconds
Number of updated asset objects reloaded before import = 0
Number of asset objects unloaded after import = 1
========================================================================
Received Import Request.
  Time since last request: 0.000042 seconds.
  path: Assets/Data/HDRPDefaultResources
  artifactKey: Guid(145fab1795a54e74e8b4e0729587ca7c) Importer(815301076,1909f56bfc062723c751e8b465ee728b)
Start importing Assets/Data/HDRPDefaultResources using Guid(145fab1795a54e74e8b4e0729587ca7c) Importer(815301076,1909f56bfc062723c751e8b465ee728b)  -> (artifact id: '17a71596b5f368253332bfbc27ae86bc') in 0.000264 seconds
Number of updated asset objects reloaded before import = 0
Number of asset objects unloaded after import = 0
========================================================================
Received Import Request.
  Time since last request: 0.000057 seconds.
  path: Assets/Data/HDRPDefaultResources/DefaultLookDevProfile.asset
  artifactKey: Guid(7307ff7aee3ab2c41a60bdcf344968e6) Importer(815301076,1909f56bfc062723c751e8b465ee728b)
Start importing Assets/Data/HDRPDefaultResources/DefaultLookDevProfile.asset using Guid(7307ff7aee3ab2c41a60bdcf344968e6) Importer(815301076,1909f56bfc062723c751e8b465ee728b)  -> (artifact id: 'bb3a71c882b0841c40a122f9b412a90e') in 0.001100 seconds
Number of updated asset objects reloaded before import = 0
Number of asset objects unloaded after import = 1
========================================================================
Received Import Request.
  Time since last request: 0.000025 seconds.
  path: Assets/Data/HDRPDefaultResources/HDRenderPipelineGlobalSettings.asset
  artifactKey: Guid(445d31e5a5cc54e4fb295496b6f05c81) Importer(815301076,1909f56bfc062723c751e8b465ee728b)
Start importing Assets/Data/HDRPDefaultResources/HDRenderPipelineGlobalSettings.asset using Guid(445d31e5a5cc54e4fb295496b6f05c81) Importer(815301076,1909f56bfc062723c751e8b465ee728b)  -> (artifact id: '50e9e735af451f6b30c784681265acd4') in 0.000780 seconds
Number of updated asset objects reloaded before import = 0
Number of asset objects unloaded after import = 1
========================================================================
Received Import Request.
  Time since last request: 0.000044 seconds.
  path: Assets/Data/New Terrain.asset
  artifactKey: Guid(197c481c5ad1c6b45b3f71d271c4e9a8) Importer(815301076,1909f56bfc062723c751e8b465ee728b)
Start importing Assets/Data/New Terrain.asset using Guid(197c481c5ad1c6b45b3f71d271c4e9a8) Importer(815301076,1909f56bfc062723c751e8b465ee728b)  -> (artifact id: '2f0defca7531776f600220af7a03170c') in 0.008935 seconds
Number of updated asset objects reloaded before import = 0
Number of asset objects unloaded after import = 1
